
VCFtools - 0.1.16
(C) Adam Auton and Anthony Marcketta 2009

Parameters as interpreted:
	--vcf ../../step08_no-IBD/R_dist_fst_vcf-all/populations.all.vcf
	--weir-fst-pop pop_maps_rural/MW047.txt
	--weir-fst-pop pop_maps_rural/MW018.txt
	--weir-fst-pop pop_maps_rural/MW020.txt
	--weir-fst-pop pop_maps_rural/MW019.txt
	--weir-fst-pop pop_maps_rural/MW021.txt
	--weir-fst-pop pop_maps_rural/MW017.txt
	--weir-fst-pop pop_maps_rural/MW007.txt
	--weir-fst-pop pop_maps_rural/MW049.txt
	--weir-fst-pop pop_maps_rural/MW006.txt
	--weir-fst-pop pop_maps_rural/MW023.txt
	--weir-fst-pop pop_maps_rural/MW036.txt
	--weir-fst-pop pop_maps_rural/MW045.txt
	--weir-fst-pop pop_maps_rural/MW046.txt
	--weir-fst-pop pop_maps_rural/MW009.txt
	--weir-fst-pop pop_maps_rural/MW035.txt
	--weir-fst-pop pop_maps_rural/MW008.txt
	--weir-fst-pop pop_maps_rural/MW005.txt
	--weir-fst-pop pop_maps_rural/MWI075.txt
	--weir-fst-pop pop_maps_rural/MWI016.txt
	--weir-fst-pop pop_maps_rural/MWI025.txt
	--weir-fst-pop pop_maps_rural/MWI033.txt
	--weir-fst-pop pop_maps_rural/MWI041.txt
	--weir-fst-pop pop_maps_rural/MWI049.txt
	--weir-fst-pop pop_maps_rural/MWI058.txt
	--weir-fst-pop pop_maps_rural/MWI068.txt
	--weir-fst-pop pop_maps_rural/MWI076.txt
	--weir-fst-pop pop_maps_rural/MWI017.txt
	--weir-fst-pop pop_maps_rural/MWI026.txt
	--weir-fst-pop pop_maps_rural/MWI034.txt
	--weir-fst-pop pop_maps_rural/MWI042.txt
	--weir-fst-pop pop_maps_rural/MWI050.txt
	--weir-fst-pop pop_maps_rural/MWI059.txt
	--weir-fst-pop pop_maps_rural/MWI069.txt
	--weir-fst-pop pop_maps_rural/MWI018.txt
	--weir-fst-pop pop_maps_rural/MWI027.txt
	--weir-fst-pop pop_maps_rural/MWI035.txt
	--weir-fst-pop pop_maps_rural/MWI043.txt
	--weir-fst-pop pop_maps_rural/MWI051.txt
	--weir-fst-pop pop_maps_rural/MWI060.txt
	--weir-fst-pop pop_maps_rural/MWI070.txt
	--weir-fst-pop pop_maps_rural/MWI028.txt
	--weir-fst-pop pop_maps_rural/MWI044.txt
	--weir-fst-pop pop_maps_rural/MWI052.txt
	--weir-fst-pop pop_maps_rural/MWI061.txt
	--weir-fst-pop pop_maps_rural/MWI029.txt
	--weir-fst-pop pop_maps_rural/MWI045.txt
	--weir-fst-pop pop_maps_rural/MWI053.txt
	--weir-fst-pop pop_maps_rural/MWI030.txt
	--weir-fst-pop pop_maps_rural/MWI046.txt
	--weir-fst-pop pop_maps_rural/MWI054.txt
	--weir-fst-pop pop_maps_rural/MWI073.txt
	--weir-fst-pop pop_maps_rural/MWI031.txt
	--weir-fst-pop pop_maps_rural/MWI047.txt
	--weir-fst-pop pop_maps_rural/MWI055.txt
	--weir-fst-pop pop_maps_rural/MWI074.txt
	--weir-fst-pop pop_maps_rural/MWI024.txt
	--weir-fst-pop pop_maps_rural/MWI032.txt
	--weir-fst-pop pop_maps_rural/MWI040.txt
	--weir-fst-pop pop_maps_rural/MWI048.txt
	--weir-fst-pop pop_maps_rural/MWI056.txt
	--keep pop_maps_rural/MW047.txt
	--keep pop_maps_rural/MW018.txt
	--keep pop_maps_rural/MW020.txt
	--keep pop_maps_rural/MW019.txt
	--keep pop_maps_rural/MW021.txt
	--keep pop_maps_rural/MW017.txt
	--keep pop_maps_rural/MW007.txt
	--keep pop_maps_rural/MW049.txt
	--keep pop_maps_rural/MW006.txt
	--keep pop_maps_rural/MW023.txt
	--keep pop_maps_rural/MW036.txt
	--keep pop_maps_rural/MW045.txt
	--keep pop_maps_rural/MW046.txt
	--keep pop_maps_rural/MW009.txt
	--keep pop_maps_rural/MW035.txt
	--keep pop_maps_rural/MW008.txt
	--keep pop_maps_rural/MW005.txt
	--keep pop_maps_rural/MWI075.txt
	--keep pop_maps_rural/MWI016.txt
	--keep pop_maps_rural/MWI025.txt
	--keep pop_maps_rural/MWI033.txt
	--keep pop_maps_rural/MWI041.txt
	--keep pop_maps_rural/MWI049.txt
	--keep pop_maps_rural/MWI058.txt
	--keep pop_maps_rural/MWI068.txt
	--keep pop_maps_rural/MWI076.txt
	--keep pop_maps_rural/MWI017.txt
	--keep pop_maps_rural/MWI026.txt
	--keep pop_maps_rural/MWI034.txt
	--keep pop_maps_rural/MWI042.txt
	--keep pop_maps_rural/MWI050.txt
	--keep pop_maps_rural/MWI059.txt
	--keep pop_maps_rural/MWI069.txt
	--keep pop_maps_rural/MWI018.txt
	--keep pop_maps_rural/MWI027.txt
	--keep pop_maps_rural/MWI035.txt
	--keep pop_maps_rural/MWI043.txt
	--keep pop_maps_rural/MWI051.txt
	--keep pop_maps_rural/MWI060.txt
	--keep pop_maps_rural/MWI070.txt
	--keep pop_maps_rural/MWI028.txt
	--keep pop_maps_rural/MWI044.txt
	--keep pop_maps_rural/MWI052.txt
	--keep pop_maps_rural/MWI061.txt
	--keep pop_maps_rural/MWI029.txt
	--keep pop_maps_rural/MWI045.txt
	--keep pop_maps_rural/MWI053.txt
	--keep pop_maps_rural/MWI030.txt
	--keep pop_maps_rural/MWI046.txt
	--keep pop_maps_rural/MWI054.txt
	--keep pop_maps_rural/MWI073.txt
	--keep pop_maps_rural/MWI031.txt
	--keep pop_maps_rural/MWI047.txt
	--keep pop_maps_rural/MWI055.txt
	--keep pop_maps_rural/MWI074.txt
	--keep pop_maps_rural/MWI024.txt
	--keep pop_maps_rural/MWI032.txt
	--keep pop_maps_rural/MWI040.txt
	--keep pop_maps_rural/MWI048.txt
	--keep pop_maps_rural/MWI056.txt
	--out rur_

Keeping individuals in 'keep' list
After filtering, kept 106 out of 106 Individuals
Outputting Weir and Cockerham Fst estimates.
Weir and Cockerham mean Fst estimate: 0.048557
Weir and Cockerham weighted Fst estimate: 0.048623
After filtering, kept 258060 out of a possible 258060 Sites
Run Time = 13.00 seconds
