
VCFtools - 0.1.16
(C) Adam Auton and Anthony Marcketta 2009

Parameters as interpreted:
	--vcf ../../step08_no-IBD/U_dist_fst_vcf-all/populations.all.vcf
	--weir-fst-pop pop_maps_urban/MW067.txt
	--weir-fst-pop pop_maps_urban/MW079.txt
	--weir-fst-pop pop_maps_urban/MW040.txt
	--weir-fst-pop pop_maps_urban/MW002.txt
	--weir-fst-pop pop_maps_urban/MW012.txt
	--weir-fst-pop pop_maps_urban/MW013.txt
	--weir-fst-pop pop_maps_urban/MW030.txt
	--weir-fst-pop pop_maps_urban/MW028.txt
	--weir-fst-pop pop_maps_urban/MW004.txt
	--weir-fst-pop pop_maps_urban/MW051.txt
	--weir-fst-pop pop_maps_urban/MW056.txt
	--weir-fst-pop pop_maps_urban/MW057.txt
	--weir-fst-pop pop_maps_urban/MW027.txt
	--weir-fst-pop pop_maps_urban/MW077.txt
	--weir-fst-pop pop_maps_urban/MW039.txt
	--weir-fst-pop pop_maps_urban/MW001.txt
	--weir-fst-pop pop_maps_urban/MW072.txt
	--weir-fst-pop pop_maps_urban/MW062.txt
	--weir-fst-pop pop_maps_urban/MW016.txt
	--weir-fst-pop pop_maps_urban/MW061.txt
	--weir-fst-pop pop_maps_urban/MW068.txt
	--weir-fst-pop pop_maps_urban/MW029.txt
	--weir-fst-pop pop_maps_urban/MW014.txt
	--weir-fst-pop pop_maps_urban/MW042.txt
	--weir-fst-pop pop_maps_urban/MW003.txt
	--weir-fst-pop pop_maps_urban/MW031.txt
	--weir-fst-pop pop_maps_urban/MW015.txt
	--weir-fst-pop pop_maps_urban/MW011.txt
	--weir-fst-pop pop_maps_urban/MW064.txt
	--weir-fst-pop pop_maps_urban/MW069.txt
	--weir-fst-pop pop_maps_urban/MW074.txt
	--weir-fst-pop pop_maps_urban/MW041.txt
	--weir-fst-pop pop_maps_urban/MWI067.txt
	--weir-fst-pop pop_maps_urban/MWI007.txt
	--weir-fst-pop pop_maps_urban/MW026.txt
	--weir-fst-pop pop_maps_urban/MWI008.txt
	--weir-fst-pop pop_maps_urban/MWI077.txt
	--weir-fst-pop pop_maps_urban/MWI009.txt
	--weir-fst-pop pop_maps_urban/MWI078.txt
	--weir-fst-pop pop_maps_urban/MWI010.txt
	--weir-fst-pop pop_maps_urban/MWI019.txt
	--weir-fst-pop pop_maps_urban/MWI036.txt
	--weir-fst-pop pop_maps_urban/MWI071.txt
	--weir-fst-pop pop_maps_urban/MWI079.txt
	--weir-fst-pop pop_maps_urban/MWI001.txt
	--weir-fst-pop pop_maps_urban/MWI011.txt
	--weir-fst-pop pop_maps_urban/MWI020.txt
	--weir-fst-pop pop_maps_urban/MWI062.txt
	--weir-fst-pop pop_maps_urban/MWI072.txt
	--weir-fst-pop pop_maps_urban/MWI080.txt
	--weir-fst-pop pop_maps_urban/MWI003.txt
	--weir-fst-pop pop_maps_urban/MWI014.txt
	--weir-fst-pop pop_maps_urban/MWI022.txt
	--weir-fst-pop pop_maps_urban/MWI038.txt
	--weir-fst-pop pop_maps_urban/MWI063.txt
	--weir-fst-pop pop_maps_urban/UTSC.txt
	--weir-fst-pop pop_maps_urban/MWI004.txt
	--weir-fst-pop pop_maps_urban/MWI015.txt
	--weir-fst-pop pop_maps_urban/MWI023.txt
	--weir-fst-pop pop_maps_urban/MWI039.txt
	--weir-fst-pop pop_maps_urban/MWI066.txt
	--weir-fst-pop pop_maps_urban/MWI005.txt
	--keep pop_maps_urban/MW067.txt
	--keep pop_maps_urban/MW079.txt
	--keep pop_maps_urban/MW040.txt
	--keep pop_maps_urban/MW002.txt
	--keep pop_maps_urban/MW012.txt
	--keep pop_maps_urban/MW013.txt
	--keep pop_maps_urban/MW030.txt
	--keep pop_maps_urban/MW028.txt
	--keep pop_maps_urban/MW004.txt
	--keep pop_maps_urban/MW051.txt
	--keep pop_maps_urban/MW056.txt
	--keep pop_maps_urban/MW057.txt
	--keep pop_maps_urban/MW027.txt
	--keep pop_maps_urban/MW077.txt
	--keep pop_maps_urban/MW039.txt
	--keep pop_maps_urban/MW001.txt
	--keep pop_maps_urban/MW072.txt
	--keep pop_maps_urban/MW062.txt
	--keep pop_maps_urban/MW016.txt
	--keep pop_maps_urban/MW061.txt
	--keep pop_maps_urban/MW068.txt
	--keep pop_maps_urban/MW029.txt
	--keep pop_maps_urban/MW014.txt
	--keep pop_maps_urban/MW042.txt
	--keep pop_maps_urban/MW003.txt
	--keep pop_maps_urban/MW031.txt
	--keep pop_maps_urban/MW015.txt
	--keep pop_maps_urban/MW011.txt
	--keep pop_maps_urban/MW064.txt
	--keep pop_maps_urban/MW069.txt
	--keep pop_maps_urban/MW074.txt
	--keep pop_maps_urban/MW041.txt
	--keep pop_maps_urban/MWI067.txt
	--keep pop_maps_urban/MWI007.txt
	--keep pop_maps_urban/MW026.txt
	--keep pop_maps_urban/MWI008.txt
	--keep pop_maps_urban/MWI077.txt
	--keep pop_maps_urban/MWI009.txt
	--keep pop_maps_urban/MWI078.txt
	--keep pop_maps_urban/MWI010.txt
	--keep pop_maps_urban/MWI019.txt
	--keep pop_maps_urban/MWI036.txt
	--keep pop_maps_urban/MWI071.txt
	--keep pop_maps_urban/MWI079.txt
	--keep pop_maps_urban/MWI001.txt
	--keep pop_maps_urban/MWI011.txt
	--keep pop_maps_urban/MWI020.txt
	--keep pop_maps_urban/MWI062.txt
	--keep pop_maps_urban/MWI072.txt
	--keep pop_maps_urban/MWI080.txt
	--keep pop_maps_urban/MWI003.txt
	--keep pop_maps_urban/MWI014.txt
	--keep pop_maps_urban/MWI022.txt
	--keep pop_maps_urban/MWI038.txt
	--keep pop_maps_urban/MWI063.txt
	--keep pop_maps_urban/UTSC.txt
	--keep pop_maps_urban/MWI004.txt
	--keep pop_maps_urban/MWI015.txt
	--keep pop_maps_urban/MWI023.txt
	--keep pop_maps_urban/MWI039.txt
	--keep pop_maps_urban/MWI066.txt
	--keep pop_maps_urban/MWI005.txt
	--out urb_

Keeping individuals in 'keep' list
After filtering, kept 150 out of 150 Individuals
Outputting Weir and Cockerham Fst estimates.
Weir and Cockerham mean Fst estimate: 0.079177
Weir and Cockerham weighted Fst estimate: 0.082372
After filtering, kept 258549 out of a possible 258549 Sites
Run Time = 21.00 seconds
