populations v2.62, executed 2023-03-08 16:37:32 (zlib-1.2.11)
/cvmfs/soft.computecanada.ca/easybuild/software/2020/avx2/Core/stacks/2.62/bin/populations -P output -M pop_map.txt
Locus/sample distributions will be written to 'output/populations.log.distribs'.
populations parameters selected:
  Percent samples limit per population: 0
  Locus Population limit: 1
  Percent samples overall: 0
  Minor allele frequency cutoff: 0
  Maximum observed heterozygosity cutoff: 1
  Applying Fst correction: none.
  Pi/Fis kernel smoothing: off
  F-stats kernel smoothing: off
  Bootstrap resampling: off

Parsing population map...
The population map contained 263 samples, 124 population(s), 1 group(s).
Working on 263 samples.
Working on 124 population(s):
    67: 1.2_1A10_sorted, 1.2_1G8_sorted, 1.2_1H7_sorted, 1.2_2D3_sorted, 1.2_2H4_sorted
    79: 1.2_1A11_sorted, 1.2_1D11_sorted, 1.2_1E2_sorted, 1.2_2F1_sorted, 1.2_2G9_sorted
    40: 1.2_1A1_sorted, 1.2_1H3_sorted, 1.2_2B9_sorted, 1.2_2G7_sorted
    47: 1.2_1A2_sorted, 1.2_1C9_sorted, 1.2_2D4_sorted, 1.2_2E11_sorted, 1.2_2F4_sorted
    2: 1.2_1A3_sorted, 1.2_1G5_sorted, 1.2_2C3_sorted, 1.2_2F9_sorted, 3A_G2_sorted
    12: 1.2_1A4_sorted, 1.2_1C8_sorted, 1.2_1F2_sorted, 1.2_1H5_sorted, 1.2_2C2_sorted
    13: 1.2_1A5_sorted, 1.2_1B11_sorted, 1.2_2D7_sorted
    36: 1.2_1A6_sorted, 1.2_1D5_sorted, 1.2_1E5_sorted, 3A_A2_sorted, 3A_F2_sorted
    18: 1.2_1A7_sorted, 1.2_2A11_sorted, 3A_A1_sorted, 3A_C2_sorted, 3A_D2_sorted
    30: 1.2_1A8_sorted, 1.2_1B3_sorted, 1.2_1C1_sorted, 1.2_2E2_sorted
    20: 1.2_1A9_sorted
    28: 1.2_1B10_sorted, 1.2_2D5_sorted
    19: 1.2_1B1_sorted, 1.2_1E7_sorted, 1.2_2F6_sorted, 1.2_2H7_sorted
    4: 1.2_1B2_sorted, 1.2_1E9_sorted, 1.2_1F4_sorted, 1.2_2A4_sorted, 1.2_2H3_sorted
    21: 1.2_1B4_sorted, 1.2_1G4_sorted, 1.2_2A7_sorted, 1.2_2E5_sorted, 1.2_2H6_sorted
    17: 1.2_1B5_sorted, 1.2_1C4_sorted, 1.2_1F6_sorted, 1.2_1H6_sorted, 1.2_2F8_sorted
    51: 1.2_1B6_sorted, 3A_C3_sorted
    7: 1.2_1B7_sorted, 1.2_1C11_sorted, 1.2_1C7_sorted, 1.2_1E4_sorted, 1.2_1G7_sorted
    56: 1.2_1B8_sorted, 1.2_1E3_sorted, 1.2_2G1_sorted
    57: 1.2_1B9_sorted, 1.2_1D8_sorted, 1.2_2D1_sorted, 1.2_2G6_sorted, 1.2_2H2_sorted
    27: 1.2_1C10_sorted, 1.2_1G9_sorted, 1.2_2E6_sorted
    49: 1.2_1C2_sorted, 1.2_1E10_sorted, 1.2_1E1_sorted, 1.2_2B6_sorted, 1.2_2D10_sorted
    77: 1.2_1C3_sorted, 1.2_1D2_sorted, 1.2_1F9_sorted, 1.2_1G10_sorted, 1.2_2A1_sorted
    39: 1.2_1C5_sorted, 1.2_1F10_sorted, 1.2_2B8_sorted, 1.2_2E9_sorted, 1.2_2F10_sorted
    1: 1.2_1C6_sorted, 1.2_1D10_sorted, 1.2_1E6_sorted, 1.2_2C6_sorted, 1.2_2G8_sorted
    6: 1.2_1D1_sorted, 1.2_1D9_sorted, 1.2_1G1_sorted, 1.2_2B5_sorted, 1.2_2D6_sorted
    72: 1.2_1D3_sorted, 1.2_2B2_sorted, 1.2_2D2_sorted, 1.2_2E4_sorted, 1.2_2H5_sorted
    23: 1.2_1D4_sorted
    62: 1.2_1D6_sorted, 1.2_1D7_sorted, 1.2_2A6_sorted, 1.2_2E1_sorted, 1.2_2H1_sorted
    45: 1.2_1E11_sorted
    16: 1.2_1E8_sorted
    46: 1.2_1F1_sorted, 1.2_1F3_sorted, 1.2_2F7_sorted, 3A_G1_sorted, 3A_H1_sorted
    61: 1.2_1F5_sorted, 1.2_2E3_sorted, 3A_C1_sorted
    68: 1.2_1F7_sorted, 1.2_2B4_sorted, 1.2_2E8_sorted, 1.2_2F3_sorted, 1.2_2H9_sorted
    29: 1.2_1F8_sorted, 1.2_2C7_sorted, 1.2_2D9_sorted
    14: 1.2_1G2_sorted, 1.2_2B11_sorted, 1.2_2C5_sorted, 1.2_2G5_sorted, 1.2_2H8_sorted
    42: 1.2_1G6_sorted, 1.2_2F5_sorted
    3: 1.2_1H10_sorted, 1.2_2A10_sorted, 1.2_2C9_sorted, 1.2_2H10_sorted
    31: 1.2_1H1_sorted, 1.2_2A9_sorted, 1.2_2C4_sorted, 1.2_2D8_sorted, 1.2_2F2_sorted
    15: 1.2_1H2_sorted, 1.2_2C1_sorted, 3A_D1_sorted, 3A_E1_sorted
    9: 1.2_1H4_sorted, 3A_F1_sorted
    11: 1.2_1H8_sorted, 1.2_2C11_sorted, 3A_B2_sorted, 3A_D3_sorted
    64: 1.2_1H9_sorted, 1.2_2B3_sorted, 1.2_2G10_sorted
    69: 1.2_2A2_sorted, 1.2_2B10_sorted
    35: 1.2_2A3_sorted, 1.2_2B1_sorted, 1.2_2E7_sorted, 3A_H2_sorted
    8: 1.2_2A5_sorted, 3A_A3_sorted, 3A_B3_sorted
    5: 1.2_2A8_sorted, 1.2_2E10_sorted, 1.2_2F11_sorted, 1.2_2G2_sorted, 3A_E2_sorted
    74: 1.2_2B7_sorted, 1.2_2D11_sorted, 1.2_2G3_sorted
    41: 1.2_2C8_sorted, 1.2_2G4_sorted
    MWI057: 3A_A10_sorted
    MWI067: 3A_A11_sorted
    MWI075: 3A_A12_sorted
    MWI007: 3A_A4_sorted
    MWI016: 3A_A5_sorted
    MWI025: 3A_A6_sorted
    MWI033: 3A_A7_sorted
    MWI041: 3A_A8_sorted
    MWI049: 3A_A9_sorted
    MWI058: 3A_B10_sorted
    MWI068: 3A_B11_sorted
    MWI076: 3A_B12_sorted
    26: 3A_B1_sorted
    MWI008: 3A_B4_sorted
    MWI017: 3A_B5_sorted
    MWI026: 3A_B6_sorted
    MWI034: 3A_B7_sorted
    MWI042: 3A_B8_sorted
    MWI050: 3A_B9_sorted
    MWI059: 3A_C10_sorted
    MWI069: 3A_C11_sorted
    MWI077: 3A_C12_sorted
    MWI009: 3A_C4_sorted
    MWI018: 3A_C5_sorted
    MWI027: 3A_C6_sorted
    MWI035: 3A_C7_sorted
    MWI043: 3A_C8_sorted
    MWI051: 3A_C9_sorted
    MWI060: 3A_D10_sorted
    MWI070: 3A_D11_sorted
    MWI078: 3A_D12_sorted
    MWI010: 3A_D4_sorted
    MWI019: 3A_D5_sorted
    MWI028: 3A_D6_sorted
    MWI036: 3A_D7_sorted
    MWI044: 3A_D8_sorted
    MWI052: 3A_D9_sorted
    MWI061: 3A_E10_sorted
    MWI071: 3A_E11_sorted
    MWI079: 3A_E12_sorted
    MWI001: 3A_E3_sorted
    MWI011: 3A_E4_sorted
    MWI020: 3A_E5_sorted
    MWI029: 3A_E6_sorted
    MWI037: 3A_E7_sorted
    MWI045: 3A_E8_sorted
    MWI053: 3A_E9_sorted
    MWI062: 3A_F10_sorted
    MWI072: 3A_F11_sorted
    MWI080: 3A_F12_sorted
    MWI003: 3A_F3_sorted
    MWI014: 3A_F4_sorted
    MWI022: 3A_F5_sorted
    MWI030: 3A_F6_sorted
    MWI038: 3A_F7_sorted
    MWI046: 3A_F8_sorted
    MWI054: 3A_F9_sorted
    MWI063: 3A_G10_sorted
    MWI073: 3A_G11_sorted
    UTSC: 3A_G12_sorted
    MWI004: 3A_G3_sorted
    MWI015: 3A_G4_sorted
    MWI023: 3A_G5_sorted
    MWI031: 3A_G6_sorted
    MWI039: 3A_G7_sorted
    MWI047: 3A_G8_sorted
    MWI055: 3A_G9_sorted
    MWI066: 3A_H10_sorted
    MWI074: 3A_H11_sorted
    MWI005: 3A_H3_sorted
    MWI024: 3A_H5_sorted
    MWI032: 3A_H6_sorted
    MWI040: 3A_H7_sorted
    MWI048: 3A_H8_sorted
    MWI056: 3A_H9_sorted
Working on 1 group(s) of populations:
    defaultgrp: 67, 79, 40, 47, 2, 12, 13, 36, 18, 30, 20, 28, 19, 4, 21, 17, 51, 7, 56, 57, 27, 49, 77, 39, 1, 6, 72, 23, 62, 45, 16, 46, 61, 68, 29, 14, 42, 3, 31, 15, 9, 11, 64, 69, 35, 8, 5, 74, 41, MWI057, MWI067, MWI075, MWI007, MWI016, MWI025, MWI033, MWI041, MWI049, MWI058, MWI068, MWI076, 26, MWI008, MWI017, MWI026, MWI034, MWI042, MWI050, MWI059, MWI069, MWI077, MWI009, MWI018, MWI027, MWI035, MWI043, MWI051, MWI060, MWI070, MWI078, MWI010, MWI019, MWI028, MWI036, MWI044, MWI052, MWI061, MWI071, MWI079, MWI001, MWI011, MWI020, MWI029, MWI037, MWI045, MWI053, MWI062, MWI072, MWI080, MWI003, MWI014, MWI022, MWI030, MWI038, MWI046, MWI054, MWI063, MWI073, UTSC, MWI004, MWI015, MWI023, MWI031, MWI039, MWI047, MWI055, MWI066, MWI074, MWI005, MWI024, MWI032, MWI040, MWI048, MWI056

Raw haplotypes will be written to 'output/populations.haplotypes.tsv'
Population-level summary statistics will be written to 'output/populations.sumstats.tsv'
Population-level haplotype summary statistics will be written to 'output/populations.hapstats.tsv'

Processing data in batches:
  * load a batch of catalog loci and apply filters
  * compute SNP- and haplotype-wise per-population statistics
  * write the above statistics in the output files
  * export the genotypes/haplotypes in specified format(s)
More details in 'output/populations.log.distribs'.

Now processing...
AS1.0ch10 
AS1.0ch03 
AS1.0ch01 
AS1.0ch04 
AS1.0ch11 
AS1.0ch06 
AS1.0ch02 
AS1.0ch08 
AS1.0ch07 
Scaff014 
AS1.0ch05 
AS1.0ch09 
Scaff020 
Scaff022 
Scaff023 
Scaff024 
Scaff025 
Scaff026 
Scaff032 
Scaff033 
Scaff038 
Scaff039 
Scaff040 
Scaff041 
Scaff042 
Scaff043 
Scaff044 
Scaff045 
Scaff047 
Scaff048 
Scaff054 
Scaff056 
Scaff058 
Scaff059 
Scaff060 
Scaff061 
Scaff062 
Scaff069 
Scaff070 
Scaff073 
Scaff074 
Scaff076 
Scaff084 
Scaff085 
Scaff086 
Scaff089 
Scaff090 
Scaff091 
Scaff092 
Scaff095 
Scaff097 
Scaff099 
Scaff102 
Scaff105 
Scaff106 
Scaff111 
Scaff116 
Scaff121 
Scaff122 
Scaff127 
Scaff129 
Scaff130 
Scaff137 
Scaff139 
Scaff145 
Scaff146 
Scaff147 
Scaff148 
Scaff153 
Scaff158 
Scaff159 
Scaff163 
Scaff164 
Scaff165 
Scaff167 
Scaff170 
Scaff175 
Scaff177 
Scaff179 
Scaff180 
Scaff183 
Scaff185 
Scaff188 
Scaff189 
Scaff190 
Scaff191 
Scaff192 
Scaff193 
Scaff195 
Scaff205 
Scaff206 
Scaff207 
Scaff208 
Scaff209 
Scaff213 
Scaff222 
Scaff225 
Scaff226 
Scaff230 
Scaff244 
Scaff245 
Scaff247 
Scaff249 
Scaff250 
Scaff251 
Scaff252 
Scaff253 
Scaff260 
Scaff261 
Scaff262 
Scaff263 
Scaff264 
Scaff266 
Scaff267 
Scaff268 
Scaff275 
Scaff280 
Scaff281 
Scaff282 
Scaff287 
Scaff290 
Scaff297 
Scaff299 
Scaff301 
Scaff302 
Scaff303 
Scaff310 
Scaff313 
Scaff322 
Scaff323 
Scaff324 
Scaff325 
Scaff326 
Scaff328 
Scaff329 
Scaff332 
Scaff336 
Scaff341 
Scaff342 
Scaff343 
Scaff345 
Scaff346 
Scaff347 
Scaff348 
Scaff349 
Scaff350 
Scaff352 
Scaff360 
Scaff364 
Scaff365 
Scaff366 
Scaff367 
Scaff368 
Scaff370 
Scaff372 
Scaff379 
Scaff384 
Scaff385 
Scaff390 
Scaff399 
Scaff401 
Scaff402 
Scaff403 
Scaff404 
Scaff405 
Scaff408 
Scaff413 
Scaff418 
Scaff430 
Scaff433 
Scaff434 
Scaff435 
Scaff445 
Scaff446 
Scaff457 
Scaff458 
Scaff459 
Scaff463 
Scaff467 
Scaff471 
Scaff474 
Scaff478 
Scaff483 
Scaff485 
Scaff490 
Scaff493 
Scaff495 
Scaff498 
Scaff501 
Scaff507 
Scaff514 
Scaff519 
Scaff525 
Scaff532 
Scaff534 
Scaff535 
Scaff536 
Scaff541 
Scaff547 
Scaff549 
Scaff552 
Scaff553 
Scaff556 
Scaff557 
Scaff562 
Scaff569 
Scaff570 
Scaff571 
Scaff574 
Scaff580 
Scaff587 
Scaff591 
Scaff595 
Scaff601 
Scaff603 
Scaff606 
Scaff614 
Scaff620 
Scaff623 
Scaff625 
Scaff633 
Scaff634 
Scaff641 
Scaff642 
Scaff651 
Scaff653 
Scaff654 
Scaff659 
Scaff660 
Scaff661 
Scaff662 
Scaff663 
Scaff664 
Scaff665 
Scaff666 
Scaff667 
Scaff668 
Scaff669 
Scaff671 
Scaff673 
Scaff677 
Scaff679 
Scaff681 
Scaff682 
Scaff684 
Scaff685 
Scaff688 
Scaff689 

Removed 0 loci that did not pass sample/population constraints from 48803 loci.
Kept 48803 loci, composed of 3359303 sites; 1 of those sites were filtered, 76488 variant sites remained.
    1691993 genomic sites, of which 823361 were covered by multiple loci (48.7%).
Mean genotyped sites per locus: 68.72bp (stderr 0.11).

Population summary statistics (more detail in populations.sumstats_summary.tsv):
  67: 2.7913 samples per locus; pi: 0.043125; all/variant/polymorphic sites: 639007/52152/4773; private alleles: 557
  79: 2.6657 samples per locus; pi: 0.054654; all/variant/polymorphic sites: 659615/55815/6462; private alleles: 645
  40: 2.1935 samples per locus; pi: 0.0501; all/variant/polymorphic sites: 554182/51273/4888; private alleles: 469
  47: 2.7684 samples per locus; pi: 0.047316; all/variant/polymorphic sites: 654059/53490/5428; private alleles: 484
  2: 2.8743 samples per locus; pi: 0.057863; all/variant/polymorphic sites: 641335/58293/7350; private alleles: 686
  12: 2.9372 samples per locus; pi: 0.055571; all/variant/polymorphic sites: 617591/55099/6651; private alleles: 730
  13: 1.8774 samples per locus; pi: 0.041479; all/variant/polymorphic sites: 529869/44201/3177; private alleles: 246
  36: 2.8427 samples per locus; pi: 0.053916; all/variant/polymorphic sites: 652505/55362/6415; private alleles: 581
  18: 2.3569 samples per locus; pi: 0.049442; all/variant/polymorphic sites: 583079/50887/5087; private alleles: 386
  30: 2.2723 samples per locus; pi: 0.04517; all/variant/polymorphic sites: 610265/50297/4452; private alleles: 386
  20: 1 samples per locus; pi: 0.02909; all/variant/polymorphic sites: 336398/26779/779; private alleles: 68
  28: 1.3786 samples per locus; pi: 0.041168; all/variant/polymorphic sites: 505454/45371/2644; private alleles: 275
  19: 2.3842 samples per locus; pi: 0.045649; all/variant/polymorphic sites: 552823/49945/4478; private alleles: 423
  4: 2.7248 samples per locus; pi: 0.052647; all/variant/polymorphic sites: 667015/57589/6362; private alleles: 655
  21: 2.3225 samples per locus; pi: 0.036207; all/variant/polymorphic sites: 558321/39106/2931; private alleles: 253
  17: 2.777 samples per locus; pi: 0.044021; all/variant/polymorphic sites: 557850/51518/4892; private alleles: 478
  51: 1.5643 samples per locus; pi: 0.041022; all/variant/polymorphic sites: 456083/45829/2846; private alleles: 339
  7: 2.3831 samples per locus; pi: 0.042442; all/variant/polymorphic sites: 531298/46469/4134; private alleles: 356
  56: 1.7499 samples per locus; pi: 0.038772; all/variant/polymorphic sites: 505265/42668/2792; private alleles: 225
  57: 2.8129 samples per locus; pi: 0.057904; all/variant/polymorphic sites: 607609/57619/7228; private alleles: 783
  27: 1.9412 samples per locus; pi: 0.04731; all/variant/polymorphic sites: 540882/49899/4131; private alleles: 453
  49: 2.8917 samples per locus; pi: 0.048106; all/variant/polymorphic sites: 674387/55944/5878; private alleles: 550
  77: 2.5039 samples per locus; pi: 0.042047; all/variant/polymorphic sites: 632978/49434/4257; private alleles: 398
  39: 2.6893 samples per locus; pi: 0.04876; all/variant/polymorphic sites: 612371/52230/5531; private alleles: 467
  1: 2.3927 samples per locus; pi: 0.046791; all/variant/polymorphic sites: 610034/53523/4895; private alleles: 528
  6: 2.6635 samples per locus; pi: 0.052132; all/variant/polymorphic sites: 601926/56848/6191; private alleles: 576
  72: 2.6922 samples per locus; pi: 0.045828; all/variant/polymorphic sites: 566064/51190/5012; private alleles: 457
  23: 1 samples per locus; pi: 0.032317; all/variant/polymorphic sites: 347395/28654/926; private alleles: 103
  62: 2.5649 samples per locus; pi: 0.049167; all/variant/polymorphic sites: 600775/51092/5226; private alleles: 475
  45: 1 samples per locus; pi: 0.032494; all/variant/polymorphic sites: 419314/31052/1009; private alleles: 96
  16: 1 samples per locus; pi: 0.029173; all/variant/polymorphic sites: 387742/17585/513; private alleles: 99
  46: 2.4302 samples per locus; pi: 0.043543; all/variant/polymorphic sites: 619236/51054/4458; private alleles: 426
  61: 2.0259 samples per locus; pi: 0.046665; all/variant/polymorphic sites: 555911/51731/4260; private alleles: 437
  68: 2.5537 samples per locus; pi: 0.041193; all/variant/polymorphic sites: 625745/50324/4337; private alleles: 420
  29: 1.777 samples per locus; pi: 0.040826; all/variant/polymorphic sites: 520341/43161/3008; private alleles: 210
  14: 2.6774 samples per locus; pi: 0.051358; all/variant/polymorphic sites: 572175/52807/5877; private alleles: 596
  42: 1.5771 samples per locus; pi: 0.038579; all/variant/polymorphic sites: 484104/47465/2752; private alleles: 282
  3: 2.0596 samples per locus; pi: 0.038437; all/variant/polymorphic sites: 520292/46774/3290; private alleles: 301
  31: 2.632 samples per locus; pi: 0.049253; all/variant/polymorphic sites: 587394/53432/5699; private alleles: 474
  15: 2.0222 samples per locus; pi: 0.04375; all/variant/polymorphic sites: 553946/45267/3715; private alleles: 293
  9: 1.4488 samples per locus; pi: 0.037636; all/variant/polymorphic sites: 443197/41250/2316; private alleles: 194
  11: 2.1893 samples per locus; pi: 0.044956; all/variant/polymorphic sites: 583140/51980/4450; private alleles: 502
  64: 1.9081 samples per locus; pi: 0.042129; all/variant/polymorphic sites: 500557/48274/3647; private alleles: 355
  69: 1.5398 samples per locus; pi: 0.04144; all/variant/polymorphic sites: 477157/48532/2960; private alleles: 366
  35: 2.2405 samples per locus; pi: 0.042796; all/variant/polymorphic sites: 598436/48592/4086; private alleles: 332
  8: 1.7602 samples per locus; pi: 0.038916; all/variant/polymorphic sites: 598360/46616/3069; private alleles: 236
  5: 2.7508 samples per locus; pi: 0.053635; all/variant/polymorphic sites: 743440/56138/6482; private alleles: 621
  74: 1.6559 samples per locus; pi: 0.035195; all/variant/polymorphic sites: 517563/37170/2215; private alleles: 190
  41: 1.4796 samples per locus; pi: 0.038729; all/variant/polymorphic sites: 478703/41278/2427; private alleles: 153
  MWI057: 1 samples per locus; pi: 0.0072765; all/variant/polymorphic sites: 355550/962/7; private alleles: 3
  MWI067: 1 samples per locus; pi: 0.033069; all/variant/polymorphic sites: 410814/35048/1159; private alleles: 146
  MWI075: 1 samples per locus; pi: 0.035873; all/variant/polymorphic sites: 386807/34065/1222; private alleles: 161
  MWI007: 1 samples per locus; pi: 0.035679; all/variant/polymorphic sites: 370535/34082/1216; private alleles: 139
  MWI016: 1 samples per locus; pi: 0.033907; all/variant/polymorphic sites: 375221/36983/1254; private alleles: 141
  MWI025: 1 samples per locus; pi: 0.033583; all/variant/polymorphic sites: 346383/32993/1108; private alleles: 142
  MWI033: 1 samples per locus; pi: 0.031123; all/variant/polymorphic sites: 424303/37079/1154; private alleles: 150
  MWI041: 1 samples per locus; pi: 0.03764; all/variant/polymorphic sites: 423936/42614/1604; private alleles: 281
  MWI049: 1 samples per locus; pi: 0.032489; all/variant/polymorphic sites: 386597/16652/541; private alleles: 51
  MWI058: 1 samples per locus; pi: 0.035707; all/variant/polymorphic sites: 391417/38928/1390; private alleles: 212
  MWI068: 1 samples per locus; pi: 0.031681; all/variant/polymorphic sites: 386059/30744/974; private alleles: 101
  MWI076: 1 samples per locus; pi: 0.032595; all/variant/polymorphic sites: 349761/34146/1113; private alleles: 129
  26: 1 samples per locus; pi: 0.031913; all/variant/polymorphic sites: 427769/35127/1121; private alleles: 148
  MWI008: 1 samples per locus; pi: 0.034091; all/variant/polymorphic sites: 416061/39746/1355; private alleles: 208
  MWI017: 1 samples per locus; pi: 0.037384; all/variant/polymorphic sites: 409300/37155/1389; private alleles: 285
  MWI026: 1 samples per locus; pi: 0.033243; all/variant/polymorphic sites: 396706/39347/1308; private alleles: 172
  MWI034: 1 samples per locus; pi: 0.028878; all/variant/polymorphic sites: 319632/20881/603; private alleles: 84
  MWI042: 1 samples per locus; pi: 0.03315; all/variant/polymorphic sites: 403624/15234/505; private alleles: 54
  MWI050: 1 samples per locus; pi: 0.031975; all/variant/polymorphic sites: 351227/15293/489; private alleles: 69
  MWI059: 1 samples per locus; pi: 0.02685; all/variant/polymorphic sites: 396733/23799/639; private alleles: 82
  MWI069: 1 samples per locus; pi: 0.035425; all/variant/polymorphic sites: 402808/38560/1366; private alleles: 180
  MWI077: 1 samples per locus; pi: 0.029689; all/variant/polymorphic sites: 372410/25397/754; private alleles: 73
  MWI009: 1 samples per locus; pi: 0.030908; all/variant/polymorphic sites: 320889/15724/486; private alleles: 55
  MWI018: 1 samples per locus; pi: 0.038796; all/variant/polymorphic sites: 414125/36292/1408; private alleles: 175
  MWI027: 1 samples per locus; pi: 0.035589; all/variant/polymorphic sites: 402234/35320/1257; private alleles: 120
  MWI035: 1 samples per locus; pi: 0.030184; all/variant/polymorphic sites: 312133/17327/523; private alleles: 50
  MWI043: 1 samples per locus; pi: 0.028003; all/variant/polymorphic sites: 376296/15784/442; private alleles: 49
  MWI051: 1 samples per locus; pi: 0.029422; all/variant/polymorphic sites: 419015/22330/657; private alleles: 82
  MWI060: 1 samples per locus; pi: 0.036115; all/variant/polymorphic sites: 447532/41202/1488; private alleles: 243
  MWI070: 1 samples per locus; pi: 0.030197; all/variant/polymorphic sites: 494631/36825/1112; private alleles: 144
  MWI078: 1 samples per locus; pi: 0.039401; all/variant/polymorphic sites: 439583/40329/1589; private alleles: 281
  MWI010: 1 samples per locus; pi: 0.036589; all/variant/polymorphic sites: 491811/36076/1320; private alleles: 190
  MWI019: 1 samples per locus; pi: 0.030526; all/variant/polymorphic sites: 343580/33742/1030; private alleles: 133
  MWI028: 1 samples per locus; pi: 0.029008; all/variant/polymorphic sites: 355339/21787/632; private alleles: 72
  MWI036: 1 samples per locus; pi: 0.037196; all/variant/polymorphic sites: 406140/36590/1361; private alleles: 247
  MWI044: 1 samples per locus; pi: 0.038562; all/variant/polymorphic sites: 486813/41284/1592; private alleles: 311
  MWI052: 1 samples per locus; pi: 0.029329; all/variant/polymorphic sites: 343013/34062/999; private alleles: 145
  MWI061: 1 samples per locus; pi: 0.03896; all/variant/polymorphic sites: 504173/41504/1617; private alleles: 238
  MWI071: 1 samples per locus; pi: 0.036584; all/variant/polymorphic sites: 396044/36464/1334; private alleles: 200
  MWI079: 1 samples per locus; pi: 0.035525; all/variant/polymorphic sites: 501164/40169/1427; private alleles: 256
  MWI001: 1 samples per locus; pi: 0.025955; all/variant/polymorphic sites: 298652/25390/659; private alleles: 84
  MWI011: 1 samples per locus; pi: 0.032823; all/variant/polymorphic sites: 404274/37778/1240; private alleles: 138
  MWI020: 1 samples per locus; pi: 0.028631; all/variant/polymorphic sites: 331790/19804/567; private alleles: 46
  MWI029: 1 samples per locus; pi: 0.036122; all/variant/polymorphic sites: 370010/36709/1326; private alleles: 175
  MWI037: 1 samples per locus; pi: 0.035149; all/variant/polymorphic sites: 358100/23870/839; private alleles: 53
  MWI045: 1 samples per locus; pi: 0.036106; all/variant/polymorphic sites: 401565/25647/926; private alleles: 69
  MWI053: 1 samples per locus; pi: 0.039979; all/variant/polymorphic sites: 331692/9555/382; private alleles: 29
  MWI062: 1 samples per locus; pi: 0.036374; all/variant/polymorphic sites: 406729/34723/1263; private alleles: 126
  MWI072: 1 samples per locus; pi: 0.036328; all/variant/polymorphic sites: 358325/34464/1252; private alleles: 120
  MWI080: 1 samples per locus; pi: 0.027455; all/variant/polymorphic sites: 327791/20288/557; private alleles: 33
  MWI003: 1 samples per locus; pi: 0.033874; all/variant/polymorphic sites: 424714/33831/1146; private alleles: 146
  MWI014: 1 samples per locus; pi: 0.033275; all/variant/polymorphic sites: 390556/36814/1225; private alleles: 108
  MWI022: 1 samples per locus; pi: 0.030924; all/variant/polymorphic sites: 275326/22022/681; private alleles: 77
  MWI030: 1 samples per locus; pi: 0.032383; all/variant/polymorphic sites: 417219/33814/1095; private alleles: 120
  MWI038: 1 samples per locus; pi: 0.030713; all/variant/polymorphic sites: 400568/29466/905; private alleles: 113
  MWI046: 1 samples per locus; pi: 0.035523; all/variant/polymorphic sites: 370575/35132/1248; private alleles: 156
  MWI054: 1 samples per locus; pi: 0.040247; all/variant/polymorphic sites: 317640/10833/436; private alleles: 53
  MWI063: 1 samples per locus; pi: 0.038114; all/variant/polymorphic sites: 435160/39172/1493; private alleles: 282
  MWI073: 1 samples per locus; pi: 0.035125; all/variant/polymorphic sites: 376040/37552/1319; private alleles: 166
  UTSC: 1 samples per locus; pi: 0.032107; all/variant/polymorphic sites: 346153/28530/916; private alleles: 81
  MWI004: 1 samples per locus; pi: 0.0304; all/variant/polymorphic sites: 401346/14967/455; private alleles: 46
  MWI015: 1 samples per locus; pi: 0.03177; all/variant/polymorphic sites: 342168/32767/1041; private alleles: 122
  MWI023: 1 samples per locus; pi: 0.039696; all/variant/polymorphic sites: 450247/39525/1569; private alleles: 279
  MWI031: 1 samples per locus; pi: 0.027424; all/variant/polymorphic sites: 376690/21806/598; private alleles: 58
  MWI039: 1 samples per locus; pi: 0.035307; all/variant/polymorphic sites: 372420/37953/1340; private alleles: 176
  MWI047: 1 samples per locus; pi: 0.03152; all/variant/polymorphic sites: 380689/38610/1217; private alleles: 158
  MWI055: 1 samples per locus; pi: 0.029449; all/variant/polymorphic sites: 279834/19695/580; private alleles: 52
  MWI066: 1 samples per locus; pi: 0.031221; all/variant/polymorphic sites: 276801/11947/373; private alleles: 33
  MWI074: 1 samples per locus; pi: 0.028168; all/variant/polymorphic sites: 339182/19029/536; private alleles: 58
  MWI005: 1 samples per locus; pi: 0.032487; all/variant/polymorphic sites: 309767/32752/1064; private alleles: 101
  MWI024: 1 samples per locus; pi: 0.036071; all/variant/polymorphic sites: 299051/30606/1104; private alleles: 143
  MWI032: 1 samples per locus; pi: 0.03078; all/variant/polymorphic sites: 290200/28525/878; private alleles: 75
  MWI040: 1 samples per locus; pi: 0.03416; all/variant/polymorphic sites: 328383/34719/1186; private alleles: 128
  MWI048: 1 samples per locus; pi: 0.03465; all/variant/polymorphic sites: 339263/34863/1208; private alleles: 139
  MWI056: 1 samples per locus; pi: 0.030138; all/variant/polymorphic sites: 208295/15562/469; private alleles: 41
Populations is done.
