process_shortreads v2.62, executed 2023-02-13 17:54:50 (zlib-1.2.11)
process_shortreads -p /home/breitba1/scratch/plate3_run2_fastq/ -o /home/breitba1/scratch/step03_clean/plate3_r2/ -c -t 110
File	Retained Reads	Low Quality	Ambiguous Barcodes	Trimmed Reads	Orphaned paired-end reads	Total
40559-3A_R1_A10_R1_val_1.fq	5422451	186	0	0	0	5422637
40559-3A_R1_A11_R1_val_1.fq	6036362	1019	0	0	0	6037381
40559-3A_R1_A12_R1_val_1.fq	4737170	159	0	0	0	4737329
40559-3A_R1_A1_R1_val_1.fq	3808565	564	0	0	0	3809129
40559-3A_R1_A2_R1_val_1.fq	3330071	134	0	0	0	3330205
40559-3A_R1_A3_R1_val_1.fq	4360995	743	0	0	0	4361738
40559-3A_R1_A4_R1_val_1.fq	4241360	140	0	0	0	4241500
40559-3A_R1_A5_R1_val_1.fq	7536927	1264	0	0	0	7538191
40559-3A_R1_A6_R1_val_1.fq	5434018	180	0	0	0	5434198
40559-3A_R1_A7_R1_val_1.fq	5603538	863	0	0	0	5604401
40559-3A_R1_A8_R1_val_1.fq	9736774	309	0	0	0	9737083
40559-3A_R1_A9_R1_val_1.fq	4782401	762	0	0	0	4783163
40559-3A_R1_B10_R1_val_1.fq	8801682	321	0	0	0	8802003
40559-3A_R1_B11_R1_val_1.fq	4020126	661	0	0	0	4020787
40559-3A_R1_B12_R1_val_1.fq	5863548	209	0	0	0	5863757
40559-3A_R1_B1_R1_val_1.fq	4358063	769	0	0	0	4358832
40559-3A_R1_B2_R1_val_1.fq	2899857	99	0	0	0	2899956
40559-3A_R1_B3_R1_val_1.fq	792193	94	0	0	0	792287
40559-3A_R1_B4_R1_val_1.fq	9075300	327	0	0	0	9075627
40559-3A_R1_B5_R1_val_1.fq	6255521	1011	0	0	0	6256532
40559-3A_R1_B6_R1_val_1.fq	8440032	293	0	0	0	8440325
40559-3A_R1_B7_R1_val_1.fq	4342775	728	0	0	0	4343503
40559-3A_R1_B8_R1_val_1.fq	6610825	243	0	0	0	6611068
40559-3A_R1_B9_R1_val_1.fq	4142532	687	0	0	0	4143219
40559-3A_R1_C10_R1_val_1.fq	2785626	100	0	0	0	2785726
40559-3A_R1_C11_R1_val_1.fq	6567411	1130	0	0	0	6568541
40559-3A_R1_C12_R1_val_1.fq	4384604	153	0	0	0	4384757
40559-3A_R1_C1_R1_val_1.fq	5761361	982	0	0	0	5762343
40559-3A_R1_C2_R1_val_1.fq	3127514	105	0	0	0	3127619
40559-3A_R1_C3_R1_val_1.fq	5542338	931	0	0	0	5543269
40559-3A_R1_C4_R1_val_1.fq	4825832	153	0	0	0	4825985
40559-3A_R1_C5_R1_val_1.fq	4479249	673	0	0	0	4479922
40559-3A_R1_C6_R1_val_1.fq	6848918	209	0	0	0	6849127
40559-3A_R1_C7_R1_val_1.fq	4452491	766	0	0	0	4453257
40559-3A_R1_C8_R1_val_1.fq	6276161	226	0	0	0	6276387
40559-3A_R1_C9_R1_val_1.fq	4831940	782	0	0	0	4832722
40559-3A_R1_D10_R1_val_1.fq	7749272	258	0	0	0	7749530
40559-3A_R1_D11_R1_val_1.fq	8074027	1299	0	0	0	8075326
40559-3A_R1_D12_R1_val_1.fq	7930820	236	0	0	0	7931056
40559-3A_R1_D1_R1_val_1.fq	3972233	596	0	0	0	3972829
40559-3A_R1_D2_R1_val_1.fq	4039482	117	0	0	0	4039599
40559-3A_R1_D3_R1_val_1.fq	2378276	372	0	0	0	2378648
40559-3A_R1_D4_R1_val_1.fq	6266379	189	0	0	0	6266568
40559-3A_R1_D5_R1_val_1.fq	5183591	908	0	0	0	5184499
40559-3A_R1_D6_R1_val_1.fq	3543406	109	0	0	0	3543515
40559-3A_R1_D7_R1_val_1.fq	5989201	927	0	0	0	5990128
40559-3A_R1_D8_R1_val_1.fq	7748720	239	0	0	0	7748959
40559-3A_R1_D9_R1_val_1.fq	6031258	992	0	0	0	6032250
40559-3A_R1_E10_R1_val_1.fq	6506102	205	0	0	0	6506307
40559-3A_R1_E11_R1_val_1.fq	4947283	179	0	0	0	4947462
40559-3A_R1_E12_R1_val_1.fq	7640676	250	0	0	0	7640926
40559-3A_R1_E1_R1_val_1.fq	2689305	88	0	0	0	2689393
40559-3A_R1_E2_R1_val_1.fq	2798699	82	0	0	0	2798781
40559-3A_R1_E3_R1_val_1.fq	4276064	177	0	0	0	4276241
40559-3A_R1_E4_R1_val_1.fq	6799211	229	0	0	0	6799440
40559-3A_R1_E5_R1_val_1.fq	3554819	120	0	0	0	3554939
40559-3A_R1_E6_R1_val_1.fq	5882699	190	0	0	0	5882889
40559-3A_R1_E7_R1_val_1.fq	4373475	170	0	0	0	4373645
40559-3A_R1_E8_R1_val_1.fq	4922399	157	0	0	0	4922556
40559-3A_R1_E9_R1_val_1.fq	3133678	111	0	0	0	3133789
40559-3A_R1_F10_R1_val_1.fq	3515700	121	0	0	0	3515821
40559-3A_R1_F11_R1_val_1.fq	4119423	127	0	0	0	4119550
40559-3A_R1_F12_R1_val_1.fq	269632	5	0	0	0	269637
40559-3A_R1_F1_R1_val_1.fq	5551614	198	0	0	0	5551812
40559-3A_R1_F2_R1_val_1.fq	6571985	204	0	0	0	6572189
40559-3A_R1_F3_R1_val_1.fq	3639430	118	0	0	0	3639548
40559-3A_R1_F4_R1_val_1.fq	5997533	177	0	0	0	5997710
40559-3A_R1_F5_R1_val_1.fq	4376014	159	0	0	0	4376173
40559-3A_R1_F6_R1_val_1.fq	4333057	123	0	0	0	4333180
40559-3A_R1_F7_R1_val_1.fq	4488147	134	0	0	0	4488281
40559-3A_R1_F8_R1_val_1.fq	4893362	154	0	0	0	4893516
40559-3A_R1_F9_R1_val_1.fq	3687242	140	0	0	0	3687382
40559-3A_R1_G10_R1_val_1.fq	6495552	230	0	0	0	6495782
40559-3A_R1_G11_R1_val_1.fq	4546757	165	0	0	0	4546922
40559-3A_R1_G12_R1_val_1.fq	3957842	149	0	0	0	3957991
40559-3A_R1_G1_R1_val_1.fq	4682021	153	0	0	0	4682174
40559-3A_R1_G2_R1_val_1.fq	3098969	117	0	0	0	3099086
40559-3A_R1_G3_R1_val_1.fq	3231102	118	0	0	0	3231220
40559-3A_R1_G4_R1_val_1.fq	3974825	146	0	0	0	3974971
40559-3A_R1_G5_R1_val_1.fq	5873775	202	0	0	0	5873977
40559-3A_R1_G6_R1_val_1.fq	4296850	124	0	0	0	4296974
40559-3A_R1_G7_R1_val_1.fq	9091180	337	0	0	0	9091517
40559-3A_R1_G8_R1_val_1.fq	8084125	282	0	0	0	8084407
40559-3A_R1_G9_R1_val_1.fq	3448315	98	0	0	0	3448413
40559-3A_R1_H10_R1_val_1.fq	2541123	81	0	0	0	2541204
40559-3A_R1_H11_R1_val_1.fq	2503054	96	0	0	0	2503150
40559-3A_R1_H1_R1_val_1.fq	1872333	53	0	0	0	1872386
40559-3A_R1_H2_R1_val_1.fq	3647195	120	0	0	0	3647315
40559-3A_R1_H3_R1_val_1.fq	5115824	202	0	0	0	5116026
40559-3A_R1_H5_R1_val_1.fq	4513659	138	0	0	0	4513797
40559-3A_R1_H6_R1_val_1.fq	3787221	130	0	0	0	3787351
40559-3A_R1_H7_R1_val_1.fq	4137961	168	0	0	0	4138129
40559-3A_R1_H8_R1_val_1.fq	5628447	165	0	0	0	5628612
40559-3A_R1_H9_R1_val_1.fq	3438636	127	0	0	0	3438763
40559-3A_R2_A10_R2_val_2.fq	5422555	82	0	0	0	5422637
40559-3A_R2_A11_R2_val_2.fq	6037054	327	0	0	0	6037381
40559-3A_R2_A12_R2_val_2.fq	4737265	64	0	0	0	4737329
40559-3A_R2_A1_R2_val_2.fq	3808958	171	0	0	0	3809129
40559-3A_R2_A2_R2_val_2.fq	3330154	51	0	0	0	3330205
40559-3A_R2_A3_R2_val_2.fq	4361513	225	0	0	0	4361738
40559-3A_R2_A4_R2_val_2.fq	4241445	55	0	0	0	4241500
40559-3A_R2_A5_R2_val_2.fq	7537844	347	0	0	0	7538191
40559-3A_R2_A6_R2_val_2.fq	5434126	72	0	0	0	5434198
40559-3A_R2_A7_R2_val_2.fq	5604121	280	0	0	0	5604401
40559-3A_R2_A8_R2_val_2.fq	9736959	124	0	0	0	9737083
40559-3A_R2_A9_R2_val_2.fq	4782934	229	0	0	0	4783163
40559-3A_R2_B10_R2_val_2.fq	8801886	117	0	0	0	8802003
40559-3A_R2_B11_R2_val_2.fq	4020587	200	0	0	0	4020787
40559-3A_R2_B12_R2_val_2.fq	5863685	72	0	0	0	5863757
40559-3A_R2_B1_R2_val_2.fq	4358632	200	0	0	0	4358832
40559-3A_R2_B2_R2_val_2.fq	2899916	40	0	0	0	2899956
40559-3A_R2_B3_R2_val_2.fq	792254	33	0	0	0	792287
40559-3A_R2_B4_R2_val_2.fq	9075504	123	0	0	0	9075627
40559-3A_R2_B5_R2_val_2.fq	6256258	274	0	0	0	6256532
40559-3A_R2_B6_R2_val_2.fq	8440205	120	0	0	0	8440325
40559-3A_R2_B7_R2_val_2.fq	4343288	215	0	0	0	4343503
40559-3A_R2_B8_R2_val_2.fq	6610965	103	0	0	0	6611068
40559-3A_R2_B9_R2_val_2.fq	4143039	180	0	0	0	4143219
40559-3A_R2_C10_R2_val_2.fq	2785682	44	0	0	0	2785726
40559-3A_R2_C11_R2_val_2.fq	6568209	332	0	0	0	6568541
40559-3A_R2_C12_R2_val_2.fq	4384696	61	0	0	0	4384757
40559-3A_R2_C1_R2_val_2.fq	5762037	306	0	0	0	5762343
40559-3A_R2_C2_R2_val_2.fq	3127581	38	0	0	0	3127619
40559-3A_R2_C3_R2_val_2.fq	5542997	272	0	0	0	5543269
40559-3A_R2_C4_R2_val_2.fq	4825921	64	0	0	0	4825985
40559-3A_R2_C5_R2_val_2.fq	4479731	191	0	0	0	4479922
40559-3A_R2_C6_R2_val_2.fq	6849026	101	0	0	0	6849127
40559-3A_R2_C7_R2_val_2.fq	4453032	225	0	0	0	4453257
40559-3A_R2_C8_R2_val_2.fq	6276298	89	0	0	0	6276387
40559-3A_R2_C9_R2_val_2.fq	4832487	235	0	0	0	4832722
40559-3A_R2_D10_R2_val_2.fq	7749432	98	0	0	0	7749530
40559-3A_R2_D11_R2_val_2.fq	8074953	373	0	0	0	8075326
40559-3A_R2_D12_R2_val_2.fq	7930961	95	0	0	0	7931056
40559-3A_R2_D1_R2_val_2.fq	3972663	166	0	0	0	3972829
40559-3A_R2_D2_R2_val_2.fq	4039548	51	0	0	0	4039599
40559-3A_R2_D3_R2_val_2.fq	2378546	102	0	0	0	2378648
40559-3A_R2_D4_R2_val_2.fq	6266467	101	0	0	0	6266568
40559-3A_R2_D5_R2_val_2.fq	5184243	256	0	0	0	5184499
40559-3A_R2_D6_R2_val_2.fq	3543458	57	0	0	0	3543515
40559-3A_R2_D7_R2_val_2.fq	5989826	302	0	0	0	5990128
40559-3A_R2_D8_R2_val_2.fq	7748845	114	0	0	0	7748959
40559-3A_R2_D9_R2_val_2.fq	6031980	270	0	0	0	6032250
40559-3A_R2_E10_R2_val_2.fq	6506228	79	0	0	0	6506307
40559-3A_R2_E11_R2_val_2.fq	4947406	56	0	0	0	4947462
40559-3A_R2_E12_R2_val_2.fq	7640831	95	0	0	0	7640926
40559-3A_R2_E1_R2_val_2.fq	2689350	43	0	0	0	2689393
40559-3A_R2_E2_R2_val_2.fq	2798738	43	0	0	0	2798781
40559-3A_R2_E3_R2_val_2.fq	4276186	55	0	0	0	4276241
40559-3A_R2_E4_R2_val_2.fq	6799347	93	0	0	0	6799440
40559-3A_R2_E5_R2_val_2.fq	3554883	56	0	0	0	3554939
40559-3A_R2_E6_R2_val_2.fq	5882810	79	0	0	0	5882889
40559-3A_R2_E7_R2_val_2.fq	4373588	57	0	0	0	4373645
40559-3A_R2_E8_R2_val_2.fq	4922482	74	0	0	0	4922556
40559-3A_R2_E9_R2_val_2.fq	3133760	29	0	0	0	3133789
40559-3A_R2_F10_R2_val_2.fq	3515776	45	0	0	0	3515821
40559-3A_R2_F11_R2_val_2.fq	4119502	48	0	0	0	4119550
40559-3A_R2_F12_R2_val_2.fq	269637	0	0	0	0	269637
40559-3A_R2_F1_R2_val_2.fq	5551730	82	0	0	0	5551812
40559-3A_R2_F2_R2_val_2.fq	6572089	100	0	0	0	6572189
40559-3A_R2_F3_R2_val_2.fq	3639500	48	0	0	0	3639548
40559-3A_R2_F4_R2_val_2.fq	5997621	89	0	0	0	5997710
40559-3A_R2_F5_R2_val_2.fq	4376120	53	0	0	0	4376173
40559-3A_R2_F6_R2_val_2.fq	4333119	61	0	0	0	4333180
40559-3A_R2_F7_R2_val_2.fq	4488212	69	0	0	0	4488281
40559-3A_R2_F8_R2_val_2.fq	4893448	68	0	0	0	4893516
40559-3A_R2_F9_R2_val_2.fq	3687326	56	0	0	0	3687382
40559-3A_R2_G10_R2_val_2.fq	6495698	84	0	0	0	6495782
40559-3A_R2_G11_R2_val_2.fq	4546880	42	0	0	0	4546922
40559-3A_R2_G12_R2_val_2.fq	3957929	62	0	0	0	3957991
40559-3A_R2_G1_R2_val_2.fq	4682101	73	0	0	0	4682174
40559-3A_R2_G2_R2_val_2.fq	3099038	48	0	0	0	3099086
40559-3A_R2_G3_R2_val_2.fq	3231157	63	0	0	0	3231220
40559-3A_R2_G4_R2_val_2.fq	3974908	63	0	0	0	3974971
40559-3A_R2_G5_R2_val_2.fq	5873898	79	0	0	0	5873977
40559-3A_R2_G6_R2_val_2.fq	4296923	51	0	0	0	4296974
40559-3A_R2_G7_R2_val_2.fq	9091388	129	0	0	0	9091517
40559-3A_R2_G8_R2_val_2.fq	8084292	115	0	0	0	8084407
40559-3A_R2_G9_R2_val_2.fq	3448370	43	0	0	0	3448413
40559-3A_R2_H10_R2_val_2.fq	2541163	41	0	0	0	2541204
40559-3A_R2_H11_R2_val_2.fq	2503106	44	0	0	0	2503150
40559-3A_R2_H1_R2_val_2.fq	1872363	23	0	0	0	1872386
40559-3A_R2_H2_R2_val_2.fq	3647266	49	0	0	0	3647315
40559-3A_R2_H3_R2_val_2.fq	5115958	68	0	0	0	5116026
40559-3A_R2_H5_R2_val_2.fq	4513742	55	0	0	0	4513797
40559-3A_R2_H6_R2_val_2.fq	3787303	48	0	0	0	3787351
40559-3A_R2_H7_R2_val_2.fq	4138078	51	0	0	0	4138129
40559-3A_R2_H8_R2_val_2.fq	5628545	67	0	0	0	5628612
40559-3A_R2_H9_R2_val_2.fq	3438702	61	0	0	0	3438763

Total Sequences	932777494
Ambiguous Barcodes	0
Low Quality	41720
Trimmed Reads	0
Orphaned Paired-ends	0
Retained Reads	932735774
