
VCFtools - 0.1.16
(C) Adam Auton and Anthony Marcketta 2009

Parameters as interpreted:
	--vcf /home/breitba1/step08_no-IBD/R_usc_fst_vcf-all/populations.all.vcf
	--weir-fst-pop pop_maps_rural_usc/MW047.txt
	--weir-fst-pop pop_maps_rural_usc/MW018.txt
	--weir-fst-pop pop_maps_rural_usc/MW020.txt
	--weir-fst-pop pop_maps_rural_usc/MW019.txt
	--weir-fst-pop pop_maps_rural_usc/MW004.txt
	--weir-fst-pop pop_maps_rural_usc/MW021.txt
	--weir-fst-pop pop_maps_rural_usc/MW017.txt
	--weir-fst-pop pop_maps_rural_usc/MW007.txt
	--weir-fst-pop pop_maps_rural_usc/MW001.txt
	--weir-fst-pop pop_maps_rural_usc/MW006.txt
	--weir-fst-pop pop_maps_rural_usc/MW023.txt
	--weir-fst-pop pop_maps_rural_usc/MW036.txt
	--weir-fst-pop pop_maps_rural_usc/MW045.txt
	--weir-fst-pop pop_maps_rural_usc/MW046.txt
	--weir-fst-pop pop_maps_rural_usc/MW003.txt
	--weir-fst-pop pop_maps_rural_usc/MW009.txt
	--weir-fst-pop pop_maps_rural_usc/MW035.txt
	--weir-fst-pop pop_maps_rural_usc/MW008.txt
	--weir-fst-pop pop_maps_rural_usc/MW005.txt
	--weir-fst-pop pop_maps_rural_usc/MWI075.txt
	--weir-fst-pop pop_maps_rural_usc/MWI016.txt
	--weir-fst-pop pop_maps_rural_usc/MWI025.txt
	--weir-fst-pop pop_maps_rural_usc/MWI033.txt
	--weir-fst-pop pop_maps_rural_usc/MWI041.txt
	--weir-fst-pop pop_maps_rural_usc/MWI049.txt
	--weir-fst-pop pop_maps_rural_usc/MWI058.txt
	--weir-fst-pop pop_maps_rural_usc/MWI076.txt
	--weir-fst-pop pop_maps_rural_usc/MWI017.txt
	--weir-fst-pop pop_maps_rural_usc/MWI026.txt
	--weir-fst-pop pop_maps_rural_usc/MWI042.txt
	--weir-fst-pop pop_maps_rural_usc/MWI050.txt
	--weir-fst-pop pop_maps_rural_usc/MWI018.txt
	--weir-fst-pop pop_maps_rural_usc/MWI027.txt
	--weir-fst-pop pop_maps_rural_usc/MWI035.txt
	--weir-fst-pop pop_maps_rural_usc/MWI051.txt
	--weir-fst-pop pop_maps_rural_usc/MWI060.txt
	--weir-fst-pop pop_maps_rural_usc/MWI070.txt
	--weir-fst-pop pop_maps_rural_usc/MWI078.txt
	--weir-fst-pop pop_maps_rural_usc/MWI028.txt
	--weir-fst-pop pop_maps_rural_usc/MWI036.txt
	--weir-fst-pop pop_maps_rural_usc/MWI044.txt
	--weir-fst-pop pop_maps_rural_usc/MWI052.txt
	--weir-fst-pop pop_maps_rural_usc/MWI061.txt
	--weir-fst-pop pop_maps_rural_usc/MWI071.txt
	--weir-fst-pop pop_maps_rural_usc/MWI029.txt
	--weir-fst-pop pop_maps_rural_usc/MWI045.txt
	--weir-fst-pop pop_maps_rural_usc/MWI053.txt
	--weir-fst-pop pop_maps_rural_usc/MWI062.txt
	--weir-fst-pop pop_maps_rural_usc/MWI030.txt
	--weir-fst-pop pop_maps_rural_usc/MWI046.txt
	--weir-fst-pop pop_maps_rural_usc/MWI054.txt
	--weir-fst-pop pop_maps_rural_usc/MWI063.txt
	--weir-fst-pop pop_maps_rural_usc/MWI073.txt
	--weir-fst-pop pop_maps_rural_usc/MWI015.txt
	--weir-fst-pop pop_maps_rural_usc/MWI031.txt
	--weir-fst-pop pop_maps_rural_usc/MWI047.txt
	--weir-fst-pop pop_maps_rural_usc/MWI055.txt
	--weir-fst-pop pop_maps_rural_usc/MWI074.txt
	--weir-fst-pop pop_maps_rural_usc/MWI024.txt
	--weir-fst-pop pop_maps_rural_usc/MWI032.txt
	--weir-fst-pop pop_maps_rural_usc/MWI040.txt
	--weir-fst-pop pop_maps_rural_usc/MWI048.txt
	--weir-fst-pop pop_maps_rural_usc/MWI056.txt
	--keep pop_maps_rural_usc/MW047.txt
	--keep pop_maps_rural_usc/MW018.txt
	--keep pop_maps_rural_usc/MW020.txt
	--keep pop_maps_rural_usc/MW019.txt
	--keep pop_maps_rural_usc/MW004.txt
	--keep pop_maps_rural_usc/MW021.txt
	--keep pop_maps_rural_usc/MW017.txt
	--keep pop_maps_rural_usc/MW007.txt
	--keep pop_maps_rural_usc/MW001.txt
	--keep pop_maps_rural_usc/MW006.txt
	--keep pop_maps_rural_usc/MW023.txt
	--keep pop_maps_rural_usc/MW036.txt
	--keep pop_maps_rural_usc/MW045.txt
	--keep pop_maps_rural_usc/MW046.txt
	--keep pop_maps_rural_usc/MW003.txt
	--keep pop_maps_rural_usc/MW009.txt
	--keep pop_maps_rural_usc/MW035.txt
	--keep pop_maps_rural_usc/MW008.txt
	--keep pop_maps_rural_usc/MW005.txt
	--keep pop_maps_rural_usc/MWI075.txt
	--keep pop_maps_rural_usc/MWI016.txt
	--keep pop_maps_rural_usc/MWI025.txt
	--keep pop_maps_rural_usc/MWI033.txt
	--keep pop_maps_rural_usc/MWI041.txt
	--keep pop_maps_rural_usc/MWI049.txt
	--keep pop_maps_rural_usc/MWI058.txt
	--keep pop_maps_rural_usc/MWI076.txt
	--keep pop_maps_rural_usc/MWI017.txt
	--keep pop_maps_rural_usc/MWI026.txt
	--keep pop_maps_rural_usc/MWI042.txt
	--keep pop_maps_rural_usc/MWI050.txt
	--keep pop_maps_rural_usc/MWI018.txt
	--keep pop_maps_rural_usc/MWI027.txt
	--keep pop_maps_rural_usc/MWI035.txt
	--keep pop_maps_rural_usc/MWI051.txt
	--keep pop_maps_rural_usc/MWI060.txt
	--keep pop_maps_rural_usc/MWI070.txt
	--keep pop_maps_rural_usc/MWI078.txt
	--keep pop_maps_rural_usc/MWI028.txt
	--keep pop_maps_rural_usc/MWI036.txt
	--keep pop_maps_rural_usc/MWI044.txt
	--keep pop_maps_rural_usc/MWI052.txt
	--keep pop_maps_rural_usc/MWI061.txt
	--keep pop_maps_rural_usc/MWI071.txt
	--keep pop_maps_rural_usc/MWI029.txt
	--keep pop_maps_rural_usc/MWI045.txt
	--keep pop_maps_rural_usc/MWI053.txt
	--keep pop_maps_rural_usc/MWI062.txt
	--keep pop_maps_rural_usc/MWI030.txt
	--keep pop_maps_rural_usc/MWI046.txt
	--keep pop_maps_rural_usc/MWI054.txt
	--keep pop_maps_rural_usc/MWI063.txt
	--keep pop_maps_rural_usc/MWI073.txt
	--keep pop_maps_rural_usc/MWI015.txt
	--keep pop_maps_rural_usc/MWI031.txt
	--keep pop_maps_rural_usc/MWI047.txt
	--keep pop_maps_rural_usc/MWI055.txt
	--keep pop_maps_rural_usc/MWI074.txt
	--keep pop_maps_rural_usc/MWI024.txt
	--keep pop_maps_rural_usc/MWI032.txt
	--keep pop_maps_rural_usc/MWI040.txt
	--keep pop_maps_rural_usc/MWI048.txt
	--keep pop_maps_rural_usc/MWI056.txt
	--out rur_usc

Keeping individuals in 'keep' list
After filtering, kept 115 out of 115 Individuals
Outputting Weir and Cockerham Fst estimates.
Weir and Cockerham mean Fst estimate: 0.051882
Weir and Cockerham weighted Fst estimate: 0.049492
After filtering, kept 257628 out of a possible 257628 Sites
Run Time = 10.00 seconds
