
VCFtools - 0.1.16
(C) Adam Auton and Anthony Marcketta 2009

Parameters as interpreted:
	--vcf /home/breitba1/scratch/temp_step10/Rural_dist_pi_vcf-all/rural_populations.recode.vcf
	--out Rural_dist_TajD_window_1mil
	--TajimaD 1000000

After filtering, kept 106 out of 106 Individuals
Outputting Tajima's D Statistic...
	TajimaD: Only using bialleleic sites.
After filtering, kept 352769 out of a possible 352769 Sites
Run Time = 1.00 seconds

VCFtools - 0.1.16
(C) Adam Auton and Anthony Marcketta 2009

Parameters as interpreted:
	--vcf /home/breitba1/scratch/temp_step10/Rural_dist_pi_vcf-all/rural_populations.recode.vcf
	--out Rural_dist_TajD_window_100k
	--TajimaD 100000

After filtering, kept 106 out of 106 Individuals
Outputting Tajima's D Statistic...
	TajimaD: Only using bialleleic sites.
After filtering, kept 352769 out of a possible 352769 Sites
Run Time = 1.00 seconds
