
VCFtools - 0.1.16
(C) Adam Auton and Anthony Marcketta 2009

Parameters as interpreted:
	--vcf /home/breitba1/step08_no-IBD/U_usc_fst_vcf-all/populations.all.vcf
	--weir-fst-pop pop_maps_urban_usc/MW067.txt
	--weir-fst-pop pop_maps_urban_usc/MW079.txt
	--weir-fst-pop pop_maps_urban_usc/MW040.txt
	--weir-fst-pop pop_maps_urban_usc/MW002.txt
	--weir-fst-pop pop_maps_urban_usc/MW012.txt
	--weir-fst-pop pop_maps_urban_usc/MW013.txt
	--weir-fst-pop pop_maps_urban_usc/MW030.txt
	--weir-fst-pop pop_maps_urban_usc/MW028.txt
	--weir-fst-pop pop_maps_urban_usc/MW051.txt
	--weir-fst-pop pop_maps_urban_usc/MW056.txt
	--weir-fst-pop pop_maps_urban_usc/MW057.txt
	--weir-fst-pop pop_maps_urban_usc/MW027.txt
	--weir-fst-pop pop_maps_urban_usc/MW049.txt
	--weir-fst-pop pop_maps_urban_usc/MW077.txt
	--weir-fst-pop pop_maps_urban_usc/MW039.txt
	--weir-fst-pop pop_maps_urban_usc/MW072.txt
	--weir-fst-pop pop_maps_urban_usc/MW062.txt
	--weir-fst-pop pop_maps_urban_usc/MW016.txt
	--weir-fst-pop pop_maps_urban_usc/MW061.txt
	--weir-fst-pop pop_maps_urban_usc/MW068.txt
	--weir-fst-pop pop_maps_urban_usc/MW029.txt
	--weir-fst-pop pop_maps_urban_usc/MW014.txt
	--weir-fst-pop pop_maps_urban_usc/MW042.txt
	--weir-fst-pop pop_maps_urban_usc/MW031.txt
	--weir-fst-pop pop_maps_urban_usc/MW015.txt
	--weir-fst-pop pop_maps_urban_usc/MW011.txt
	--weir-fst-pop pop_maps_urban_usc/MW064.txt
	--weir-fst-pop pop_maps_urban_usc/MW069.txt
	--weir-fst-pop pop_maps_urban_usc/MW074.txt
	--weir-fst-pop pop_maps_urban_usc/MW041.txt
	--weir-fst-pop pop_maps_urban_usc/MWI067.txt
	--weir-fst-pop pop_maps_urban_usc/MWI007.txt
	--weir-fst-pop pop_maps_urban_usc/MWI068.txt
	--weir-fst-pop pop_maps_urban_usc/MW026.txt
	--weir-fst-pop pop_maps_urban_usc/MWI008.txt
	--weir-fst-pop pop_maps_urban_usc/MWI034.txt
	--weir-fst-pop pop_maps_urban_usc/MWI059.txt
	--weir-fst-pop pop_maps_urban_usc/MWI069.txt
	--weir-fst-pop pop_maps_urban_usc/MWI077.txt
	--weir-fst-pop pop_maps_urban_usc/MWI009.txt
	--weir-fst-pop pop_maps_urban_usc/MWI043.txt
	--weir-fst-pop pop_maps_urban_usc/MWI010.txt
	--weir-fst-pop pop_maps_urban_usc/MWI019.txt
	--weir-fst-pop pop_maps_urban_usc/MWI079.txt
	--weir-fst-pop pop_maps_urban_usc/MWI001.txt
	--weir-fst-pop pop_maps_urban_usc/MWI011.txt
	--weir-fst-pop pop_maps_urban_usc/MWI020.txt
	--weir-fst-pop pop_maps_urban_usc/MWI072.txt
	--weir-fst-pop pop_maps_urban_usc/MWI080.txt
	--weir-fst-pop pop_maps_urban_usc/MWI003.txt
	--weir-fst-pop pop_maps_urban_usc/MWI014.txt
	--weir-fst-pop pop_maps_urban_usc/MWI022.txt
	--weir-fst-pop pop_maps_urban_usc/MWI038.txt
	--weir-fst-pop pop_maps_urban_usc/UTSC.txt
	--weir-fst-pop pop_maps_urban_usc/MWI004.txt
	--weir-fst-pop pop_maps_urban_usc/MWI023.txt
	--weir-fst-pop pop_maps_urban_usc/MWI039.txt
	--weir-fst-pop pop_maps_urban_usc/MWI066.txt
	--weir-fst-pop pop_maps_urban_usc/MWI005.txt
	--keep pop_maps_urban_usc/MW067.txt
	--keep pop_maps_urban_usc/MW079.txt
	--keep pop_maps_urban_usc/MW040.txt
	--keep pop_maps_urban_usc/MW002.txt
	--keep pop_maps_urban_usc/MW012.txt
	--keep pop_maps_urban_usc/MW013.txt
	--keep pop_maps_urban_usc/MW030.txt
	--keep pop_maps_urban_usc/MW028.txt
	--keep pop_maps_urban_usc/MW051.txt
	--keep pop_maps_urban_usc/MW056.txt
	--keep pop_maps_urban_usc/MW057.txt
	--keep pop_maps_urban_usc/MW027.txt
	--keep pop_maps_urban_usc/MW049.txt
	--keep pop_maps_urban_usc/MW077.txt
	--keep pop_maps_urban_usc/MW039.txt
	--keep pop_maps_urban_usc/MW072.txt
	--keep pop_maps_urban_usc/MW062.txt
	--keep pop_maps_urban_usc/MW016.txt
	--keep pop_maps_urban_usc/MW061.txt
	--keep pop_maps_urban_usc/MW068.txt
	--keep pop_maps_urban_usc/MW029.txt
	--keep pop_maps_urban_usc/MW014.txt
	--keep pop_maps_urban_usc/MW042.txt
	--keep pop_maps_urban_usc/MW031.txt
	--keep pop_maps_urban_usc/MW015.txt
	--keep pop_maps_urban_usc/MW011.txt
	--keep pop_maps_urban_usc/MW064.txt
	--keep pop_maps_urban_usc/MW069.txt
	--keep pop_maps_urban_usc/MW074.txt
	--keep pop_maps_urban_usc/MW041.txt
	--keep pop_maps_urban_usc/MWI067.txt
	--keep pop_maps_urban_usc/MWI007.txt
	--keep pop_maps_urban_usc/MWI068.txt
	--keep pop_maps_urban_usc/MW026.txt
	--keep pop_maps_urban_usc/MWI008.txt
	--keep pop_maps_urban_usc/MWI034.txt
	--keep pop_maps_urban_usc/MWI059.txt
	--keep pop_maps_urban_usc/MWI069.txt
	--keep pop_maps_urban_usc/MWI077.txt
	--keep pop_maps_urban_usc/MWI009.txt
	--keep pop_maps_urban_usc/MWI043.txt
	--keep pop_maps_urban_usc/MWI010.txt
	--keep pop_maps_urban_usc/MWI019.txt
	--keep pop_maps_urban_usc/MWI079.txt
	--keep pop_maps_urban_usc/MWI001.txt
	--keep pop_maps_urban_usc/MWI011.txt
	--keep pop_maps_urban_usc/MWI020.txt
	--keep pop_maps_urban_usc/MWI072.txt
	--keep pop_maps_urban_usc/MWI080.txt
	--keep pop_maps_urban_usc/MWI003.txt
	--keep pop_maps_urban_usc/MWI014.txt
	--keep pop_maps_urban_usc/MWI022.txt
	--keep pop_maps_urban_usc/MWI038.txt
	--keep pop_maps_urban_usc/UTSC.txt
	--keep pop_maps_urban_usc/MWI004.txt
	--keep pop_maps_urban_usc/MWI023.txt
	--keep pop_maps_urban_usc/MWI039.txt
	--keep pop_maps_urban_usc/MWI066.txt
	--keep pop_maps_urban_usc/MWI005.txt
	--out urb_usc

Keeping individuals in 'keep' list
After filtering, kept 141 out of 141 Individuals
Outputting Weir and Cockerham Fst estimates.
Weir and Cockerham mean Fst estimate: 0.079291
Weir and Cockerham weighted Fst estimate: 0.082437
After filtering, kept 259697 out of a possible 259697 Sites
Run Time = 9.00 seconds
